p:\programs\finaltask\скрипты\uc2_searchticket\\pre_cci.c: Action.c:3: error: undeclared identifier `string'
p:\programs\finaltask\скрипты\uc2_searchticket\\pre_cci.c: Action.c:3: warning: expression with no effect elided
p:\programs\finaltask\скрипты\uc2_searchticket\\pre_cci.c: Action.c:3: error: syntax error; found `a' expecting `;'
p:\programs\finaltask\скрипты\uc2_searchticket\\pre_cci.c: Action.c:3: error: undeclared identifier `a'
p:\programs\finaltask\скрипты\uc2_searchticket\\pre_cci.c: Action.c:3: warning: expression with no effect elided
p:\programs\finaltask\скрипты\uc2_searchticket\\pre_cci.c: Action.c:90: warning: unrecognized character escape sequence `\<'
p:\programs\finaltask\скрипты\uc2_searchticket\\pre_cci.c: Action.c:90: warning: unrecognized character escape sequence `\='
p:\programs\finaltask\скрипты\uc2_searchticket\\pre_cci.c: Action.c:90: warning: unrecognized character escape sequence `\>'
p:\programs\finaltask\скрипты\uc2_searchticket\\pre_cci.c: Action.c:91: warning: unrecognized character escape sequence `\<'
p:\programs\finaltask\скрипты\uc2_searchticket\\pre_cci.c: Action.c:94: error: undeclared identifier `ArriveDropdown'
p:\programs\finaltask\скрипты\uc2_searchticket\\pre_cci.c: Action.c:95: error: type error in argument 1 to `lr_output_message'; found `int' expected `pointer to char'
p:\programs\finaltask\скрипты\uc2_searchticket\\pre_cci.c: p:\\programs\\finaltask\\\361\352\360\350\357\362\373\\uc2_searchticket\\\\combined_UC2_SearchTicket.c:6: error: 5 errors, not writing pre_cci.ci
