Error: CCI compilation error -p:\programs\finaltask\скрипты\uc2_searchticket\\pre_cci.c: Action.c:3: error: undeclared identifier `string'.	[MsgId: MERR-19799]
Error: CCI compilation error -p:\programs\finaltask\скрипты\uc2_searchticket\\pre_cci.c: Action.c:3: warning: expression with no effect elided.	[MsgId: MERR-19799]
Error: CCI compilation error -p:\programs\finaltask\скрипты\uc2_searchticket\\pre_cci.c: Action.c:3: error: syntax error; found `a' expecting `;'.	[MsgId: MERR-19799]
Error: CCI compilation error -p:\programs\finaltask\скрипты\uc2_searchticket\\pre_cci.c: Action.c:3: error: undeclared identifier `a'.	[MsgId: MERR-19799]
Error: CCI compilation error -p:\programs\finaltask\скрипты\uc2_searchticket\\pre_cci.c: Action.c:3: warning: expression with no effect elided.	[MsgId: MERR-19799]
Error: CCI compilation error -p:\programs\finaltask\скрипты\uc2_searchticket\\pre_cci.c: Action.c:90: warning: unrecognized character escape sequence `\<'.	[MsgId: MERR-19799]
Error: CCI compilation error -p:\programs\finaltask\скрипты\uc2_searchticket\\pre_cci.c: Action.c:90: warning: unrecognized character escape sequence `\='.	[MsgId: MERR-19799]
Error: CCI compilation error -p:\programs\finaltask\скрипты\uc2_searchticket\\pre_cci.c: Action.c:90: warning: unrecognized character escape sequence `\>'.	[MsgId: MERR-19799]
Error: CCI compilation error -p:\programs\finaltask\скрипты\uc2_searchticket\\pre_cci.c: Action.c:91: warning: unrecognized character escape sequence `\<'.	[MsgId: MERR-19799]
Error: CCI compilation error -p:\programs\finaltask\скрипты\uc2_searchticket\\pre_cci.c: Action.c:94: error: undeclared identifier `ArriveDropdown'.	[MsgId: MERR-19799]
Error: CCI compilation error -p:\programs\finaltask\скрипты\uc2_searchticket\\pre_cci.c: Action.c:95: error: type error in argument 1 to `lr_output_message'; found `int' expected `pointer to char'.	[MsgId: MERR-19799]
Error: CCI compilation error -p:\programs\finaltask\скрипты\uc2_searchticket\\pre_cci.c: p:\\programs\\finaltask\\\361\352\360\350\357\362\373\\uc2_searchticket\\\\combined_UC2_SearchTicket.c:6: error: 5 errors, not writing pre_cci.ci.	[MsgId: MERR-19799]
Error: Vuser compilation failed. Please set CCIDebug to Off in CCI section of mdrv.dat file.	[MsgId: MERR-19797]
Warning: Extension cciext.dll reports error -19797 on call to function ExtPerProcessInitialize	[MsgId: MWAR-10485]
Error: Thread Context: Call to service of the driver failed, reason - thread context wasn't initialized on this thread.	[MsgId: MERR-10176]
